<html>
<body>
<pre>
<h1>µVision Build Log</h1>
<h2>Tool Versions:</h2>
IDE-Version: ¦ÌVision V5.35.0.0
Copyright (C) 2021 ARM Ltd and ARM Germany GmbH. All rights reserved.
License Information: 1 2171529124@qq.com, 1, LIC=BUURY-IBZM4-8TU3P-MU2LR-ULX26-JUCQV
 
Tool Versions:
Toolchain:       MDK-ARM Plus  Version: 5.35.0.2
Toolchain Path:  C:\Keil_v5\ARM\ARMCC\Bin
C Compiler:      Armcc.exe V5.06 update 7 (build 960)
Assembler:       Armasm.exe V5.06 update 7 (build 960)
Linker/Locator:  ArmLink.exe V5.06 update 7 (build 960)
Library Manager: ArmAr.exe V5.06 update 7 (build 960)
Hex Converter:   FromElf.exe V5.06 update 7 (build 960)
CPU DLL:         SARMCM3.DLL V5.35.0.2
Dialog DLL:      DCM.DLL V1.17.3.0
Target DLL:      STLink\ST-LINKIII-KEIL_SWO.dll V3.0.9.0
Dialog DLL:      TCM.DLL V1.53.0.0
 
<h2>Project:</h2>
C:\Users\21715\Desktop\old engineering\chassis1.2\MDK-ARM\New_Legends_Project.uvprojx
Project File Date:  04/11/2024

<h2>Output:</h2>
*** Using Compiler 'V5.06 update 7 (build 960)', folder: 'C:\Keil_v5\ARM\ARMCC\Bin'
Rebuild target 'New_Legends_Project'
assembling startup_stm32f407xx.s...
compiling CAN_receive.c...
..\APP\CAN_receive.c(16): error:  #70: incomplete type is not allowed
  void Communicate::run()
..\APP\CAN_receive.c(16): error:  #65: expected a ";"
  void Communicate::run()
..\APP\CAN_receive.c(38): warning:  #12-D: parsing restarts here after previous syntax error
      temp_auto = auto_switch;
..\APP\CAN_receive.c(39): error:  #77-D: this declaration has no storage class or type specifier
      temp_aim = if_identify_target;
..\APP\CAN_receive.c(39): error:  #20: identifier "if_identify_target" is undefined
      temp_aim = if_identify_target;
..\APP\CAN_receive.c(40): error:  #77-D: this declaration has no storage class or type specifier
      temp_fric = shoot.fric_status;
..\APP\CAN_receive.c(40): error:  #20: identifier "shoot" is undefined
      temp_fric = shoot.fric_status;
..\APP\CAN_receive.c(42): error:  #169: expected a declaration
      if (game_start())
..\APP\CAN_receive.c(119): warning:  #12-D: parsing restarts here after previous syntax error
                  static uint8_t i = 0;
..\APP\CAN_receive.c(121): error:  #77-D: this declaration has no storage class or type specifier
                  i = rx_header.StdId - CAN_LIFT_LEFT_ID + 4;
..\APP\CAN_receive.c(121): error:  #20: identifier "rx_header" is undefined
                  i = rx_header.StdId - CAN_LIFT_LEFT_ID + 4;
..\APP\CAN_receive.c(122): error:  #169: expected a declaration
                  get_motor_measure(&motor[i], rx_data);
..\APP\CAN_receive.c(123): error:  #169: expected a declaration
                  break;
..\APP\CAN_receive.c(124): error:  #169: expected a declaration
              }
..\APP\CAN_receive.c(150): warning: At end of source:  #12-D: parsing restarts here after previous syntax error
..\APP\CAN_receive.c: 3 warnings, 12 errors
compiling main.c...
../Core/Src/main.c(100): warning:  #223-D: function "remote_control_init" declared implicitly
  		remote_control_init();
../Core/Src/main.c(101): warning:  #223-D: function "can_filter_init" declared implicitly
      can_filter_init();
../Core/Src/main.c: 2 warnings, 0 errors
compiling tim.c...
compiling can.c...
compiling usart.c...
compiling stm32f4xx_it.c...
compiling freertos.c...
compiling stm32f4xx_hal_msp.c...
compiling save.c...
compiling dma.c...
compiling bsp_rc.c...
compiling gpio.c...
compiling remote_control.c...
compiling lift.c...
..\APP\lift.c(19): warning:  #223-D: function "vTaskDelay" declared implicitly
          vTaskDelay(1);
..\APP\lift.c: 1 warning, 0 errors
compiling chassis.c...
..\APP\chassis.c(172): warning:  #167-D: argument of type "int8_t *" is incompatible with parameter of type "uint8_t *"
      HAL_CAN_AddTxMessage(&hcan2, &can_tx_message, chassis_can_send_data, &send_mail_box);
..\APP\chassis.c: 1 warning, 0 errors
compiling bsp_can.c...
compiling stm32f4xx_hal_rcc_ex.c...
compiling stm32f4xx_hal_rcc.c...
compiling stm32f4xx_hal_can.c...
compiling stm32f4xx_hal_flash_ex.c...
compiling stm32f4xx_hal_flash_ramfunc.c...
compiling stm32f4xx_hal_flash.c...
compiling stm32f4xx_hal_pwr_ex.c...
compiling stm32f4xx_hal_pwr.c...
compiling stm32f4xx_hal_cortex.c...
compiling stm32f4xx_hal_gpio.c...
compiling stm32f4xx_hal.c...
compiling stm32f4xx_hal_dma.c...
compiling stm32f4xx_hal_exti.c...
compiling stm32f4xx_hal_dma_ex.c...
compiling croutine.c...
compiling event_groups.c...
compiling list.c...
compiling timers.c...
compiling heap_4.c...
compiling stream_buffer.c...
compiling queue.c...
compiling port.c...
compiling system_stm32f4xx.c...
compiling tasks.c...
compiling stm32f4xx_hal_tim_ex.c...
compiling stm32f4xx_hal_uart.c...
compiling cmsis_os.c...
compiling stm32f4xx_hal_tim.c...
"New_Legends_Project\New_Legends_Project.axf" - 12 Error(s), 7 Warning(s).

<h2>Software Packages used:</h2>

Package Vendor: ARM
                http://www.keil.com/pack/ARM.CMSIS.5.8.0.pack
                ARM.CMSIS.5.8.0
                CMSIS (Common Microcontroller Software Interface Standard)
   * Component: CORE Version: 5.5.0

Package Vendor: Keil
                http://www.keil.com/pack/Keil.STM32F4xx_DFP.2.16.0.pack
                Keil.STM32F4xx_DFP.2.16.0
                STMicroelectronics STM32F4 Series Device Support, Drivers and Examples

<h2>Collection of Component include folders:</h2>
  .\RTE\_New_Legends_Project
  C:\Users\21715\AppData\Local\Arm\Packs\ARM\CMSIS\5.8.0\CMSIS\Core\Include
  C:\Users\21715\AppData\Local\Arm\Packs\Keil\STM32F4xx_DFP\2.16.0\Drivers\CMSIS\Device\ST\STM32F4xx\Include

<h2>Collection of Component Files used:</h2>

   * Component: ARM::CMSIS:CORE:5.5.0
      Include file:  CMSIS\Core\Include\tz_context.h
Target not created.
Build Time Elapsed:  00:00:02
</pre>
</body>
</html>
